0 info it worked if it ends with ok
1 verbose cli [ '/usr/bin/node',
1 verbose cli   '/usr/bin/npm',
1 verbose cli   'install',
1 verbose cli   'passport-twtter',
1 verbose cli   '--save' ]
2 info using npm@1.4.28
3 info using node@v0.10.37
4 verbose node symlink /usr/bin/node
5 warn package.json readline@0.0.8 readline is also the name of a node core module.
6 verbose readDependencies using package.json deps
7 verbose cache add [ 'passport-twtter', null ]
8 verbose cache add name=undefined spec="passport-twtter" args=["passport-twtter",null]
9 verbose parsed url { protocol: null,
9 verbose parsed url   slashes: null,
9 verbose parsed url   auth: null,
9 verbose parsed url   host: null,
9 verbose parsed url   port: null,
9 verbose parsed url   hostname: null,
9 verbose parsed url   hash: null,
9 verbose parsed url   search: null,
9 verbose parsed url   query: null,
9 verbose parsed url   pathname: 'passport-twtter',
9 verbose parsed url   path: 'passport-twtter',
9 verbose parsed url   href: 'passport-twtter' }
10 silly lockFile df018ff1-passport-twtter passport-twtter
11 verbose lock passport-twtter /home/mingbo/.npm/df018ff1-passport-twtter.lock
12 silly lockFile df018ff1-passport-twtter passport-twtter
13 silly lockFile df018ff1-passport-twtter passport-twtter
14 verbose addNamed [ 'passport-twtter', '' ]
15 verbose addNamed [ null, '*' ]
16 silly lockFile e6e86b8f-passport-twtter passport-twtter@
17 verbose lock passport-twtter@ /home/mingbo/.npm/e6e86b8f-passport-twtter.lock
18 silly addNameRange { name: 'passport-twtter', range: '*', hasData: false }
19 verbose request where is /passport-twtter
20 verbose request registry https://registry.npmjs.org/
21 verbose request id 6e4175badb4c926e
22 verbose url raw /passport-twtter
23 verbose url resolving [ 'https://registry.npmjs.org/', './passport-twtter' ]
24 verbose url resolved https://registry.npmjs.org/passport-twtter
25 verbose request where is https://registry.npmjs.org/passport-twtter
26 info trying registry request attempt 1 at 12:36:04
27 http GET https://registry.npmjs.org/passport-twtter
28 http 404 https://registry.npmjs.org/passport-twtter
29 verbose headers { server: 'CouchDB/1.5.0 (Erlang OTP/R16B03)',
29 verbose headers   'content-type': 'application/json',
29 verbose headers   'cache-control': 'max-age=0',
29 verbose headers   'content-length': '51',
29 verbose headers   'accept-ranges': 'bytes',
29 verbose headers   date: 'Sun, 12 Jul 2015 19:36:04 GMT',
29 verbose headers   via: '1.1 varnish',
29 verbose headers   age: '0',
29 verbose headers   connection: 'keep-alive',
29 verbose headers   'x-served-by': 'cache-lax1434-LAX',
29 verbose headers   'x-cache': 'MISS',
29 verbose headers   'x-cache-hits': '0',
29 verbose headers   'x-timer': 'S1436729764.794840,VS0,VE47' }
30 silly registry.get cb [ 404,
30 silly registry.get   { server: 'CouchDB/1.5.0 (Erlang OTP/R16B03)',
30 silly registry.get     'content-type': 'application/json',
30 silly registry.get     'cache-control': 'max-age=0',
30 silly registry.get     'content-length': '51',
30 silly registry.get     'accept-ranges': 'bytes',
30 silly registry.get     date: 'Sun, 12 Jul 2015 19:36:04 GMT',
30 silly registry.get     via: '1.1 varnish',
30 silly registry.get     age: '0',
30 silly registry.get     connection: 'keep-alive',
30 silly registry.get     'x-served-by': 'cache-lax1434-LAX',
30 silly registry.get     'x-cache': 'MISS',
30 silly registry.get     'x-cache-hits': '0',
30 silly registry.get     'x-timer': 'S1436729764.794840,VS0,VE47' } ]
31 silly lockFile e6e86b8f-passport-twtter passport-twtter@
32 silly lockFile e6e86b8f-passport-twtter passport-twtter@
33 error 404 404 Not Found: passport-twtter
33 error 404
33 error 404 'passport-twtter' is not in the npm registry.
33 error 404 You should bug the author to publish it
33 error 404 It was specified as a dependency of 'capitoltrends'
33 error 404
33 error 404 Note that you can also install from a
33 error 404 tarball, folder, or http url, or git url.
34 error System Linux 3.16.0-43-generic
35 error command "/usr/bin/node" "/usr/bin/npm" "install" "passport-twtter" "--save"
36 error cwd /home/mingbo/Documents/CapitolThink
37 error node -v v0.10.37
38 error npm -v 1.4.28
39 error code E404
40 verbose exit [ 1, true ]
